<?xml version="1.0" encoding="UTF-8"?>
<!-- Generated by org.testng.reporters.JUnitReportReporter -->
<testsuite hostname="DESKTOP-5B78P41" failures="0" tests="3" name="TestNGBlogsStaging" time="2.037" errors="1" timestamp="2021-05-01T19:12:21 IST" skipped="2">
  <testcase classname="TestNGBlogsStaging" name="setUPTest" time="2.037">
    <error message="session not created: This version of ChromeDriver only supports Chrome version 88
Current browser version is 90.0.4430.93 with binary path C:\Program Files\Google\Chrome\Application\chrome.exe
Build info: version: &#039;3.141.59&#039;, revision: &#039;e82be7d358&#039;, time: &#039;2018-11-14T08:17:03&#039;
System info: host: &#039;DESKTOP-5B78P41&#039;, ip: &#039;103.20.64.200&#039;, os.name: &#039;Windows 10&#039;, os.arch: &#039;amd64&#039;, os.version: &#039;10.0&#039;, java.version: &#039;14.0.2&#039;
Driver info: driver.version: ChromeDriver
remote stacktrace: Backtrace:
	GetHandleVerifier [0x00F0B963+483]
	GetHandleVerifier [0x00F0B941+449]
	GetHandleVerifier [0x012B3308+3832712]
	GetHandleVerifier [0x012CD69A+3940122]
	GetHandleVerifier [0x012C9AFB+3924859]
	GetHandleVerifier [0x012C7D9C+3917340]
	GetHandleVerifier [0x012EE7FE+4075646]
	GetHandleVerifier [0x012EE56C+4074988]
	GetHandleVerifier [0x012EB2EB+4062059]
	GetHandleVerifier [0x012CED14+3945876]
	GetHandleVerifier [0x012CFBCE+3949646]
	GetHandleVerifier [0x012CFB59+3949529]
	Ordinal0 [0x00ECB5CC+46540]
	Ordinal0 [0x00EC9F53+40787]
	Ordinal0 [0x00EC9B12+39698]
	GetHandleVerifier [0x011D1468+2907368]
	GetHandleVerifier [0x010171EE+1096302]
	GetHandleVerifier [0x00FD3E8D+821005]
	GetHandleVerifier [0x00FD396B+819691]
	GetHandleVerifier [0x00FD3881+819457]
	GetHandleVerifier [0x00FFF463+998627]
	BaseThreadInitThunk [0x768AFA29+25]
	RtlGetAppContainerNamedObjectPath [0x77307A4E+286]
	RtlGetAppContainerNamedObjectPath [0x77307A1E+238]
" type="org.openqa.selenium.SessionNotCreatedException">
      <![CDATA[org.openqa.selenium.SessionNotCreatedException: session not created: This version of ChromeDriver only supports Chrome version 88
Current browser version is 90.0.4430.93 with binary path C:\Program Files\Google\Chrome\Application\chrome.exe
Build info: version: '3.141.59', revision: 'e82be7d358', time: '2018-11-14T08:17:03'
System info: host: 'DESKTOP-5B78P41', ip: '103.20.64.200', os.name: 'Windows 10', os.arch: 'amd64', os.version: '10.0', java.version: '14.0.2'
Driver info: driver.version: ChromeDriver
remote stacktrace: Backtrace:
GetHandleVerifier [0x00F0B963+483]
GetHandleVerifier [0x00F0B941+449]
GetHandleVerifier [0x012B3308+3832712]
GetHandleVerifier [0x012CD69A+3940122]
GetHandleVerifier [0x012C9AFB+3924859]
GetHandleVerifier [0x012C7D9C+3917340]
GetHandleVerifier [0x012EE7FE+4075646]
GetHandleVerifier [0x012EE56C+4074988]
GetHandleVerifier [0x012EB2EB+4062059]
GetHandleVerifier [0x012CED14+3945876]
GetHandleVerifier [0x012CFBCE+3949646]
GetHandleVerifier [0x012CFB59+3949529]
Ordinal0 [0x00ECB5CC+46540]
Ordinal0 [0x00EC9F53+40787]
Ordinal0 [0x00EC9B12+39698]
GetHandleVerifier [0x011D1468+2907368]
GetHandleVerifier [0x010171EE+1096302]
GetHandleVerifier [0x00FD3E8D+821005]
GetHandleVerifier [0x00FD396B+819691]
GetHandleVerifier [0x00FD3881+819457]
GetHandleVerifier [0x00FFF463+998627]
BaseThreadInitThunk [0x768AFA29+25]
RtlGetAppContainerNamedObjectPath [0x77307A4E+286]
RtlGetAppContainerNamedObjectPath [0x77307A1E+238]

at java.base/jdk.internal.reflect.NativeConstructorAccessorImpl.newInstance0(Native Method)
at java.base/jdk.internal.reflect.NativeConstructorAccessorImpl.newInstance(NativeConstructorAccessorImpl.java:62)
at java.base/jdk.internal.reflect.DelegatingConstructorAccessorImpl.newInstance(DelegatingConstructorAccessorImpl.java:45)
at java.base/java.lang.reflect.Constructor.newInstanceWithCaller(Constructor.java:500)
at java.base/java.lang.reflect.Constructor.newInstance(Constructor.java:481)
at org.openqa.selenium.remote.W3CHandshakeResponse.lambda$errorHandler$0(W3CHandshakeResponse.java:62)
at org.openqa.selenium.remote.HandshakeResponse.lambda$getResponseFunction$0(HandshakeResponse.java:30)
at org.openqa.selenium.remote.ProtocolHandshake.lambda$createSession$0(ProtocolHandshake.java:126)
at java.base/java.util.stream.ReferencePipeline$3$1.accept(ReferencePipeline.java:195)
at java.base/java.util.Spliterators$ArraySpliterator.tryAdvance(Spliterators.java:958)
at java.base/java.util.stream.ReferencePipeline.forEachWithCancel(ReferencePipeline.java:127)
at java.base/java.util.stream.AbstractPipeline.copyIntoWithCancel(AbstractPipeline.java:502)
at java.base/java.util.stream.AbstractPipeline.copyInto(AbstractPipeline.java:488)
at java.base/java.util.stream.AbstractPipeline.wrapAndCopyInto(AbstractPipeline.java:474)
at java.base/java.util.stream.FindOps$FindOp.evaluateSequential(FindOps.java:150)
at java.base/java.util.stream.AbstractPipeline.evaluate(AbstractPipeline.java:234)
at java.base/java.util.stream.ReferencePipeline.findFirst(ReferencePipeline.java:543)
at org.openqa.selenium.remote.ProtocolHandshake.createSession(ProtocolHandshake.java:128)
at org.openqa.selenium.remote.ProtocolHandshake.createSession(ProtocolHandshake.java:74)
at org.openqa.selenium.remote.HttpCommandExecutor.execute(HttpCommandExecutor.java:136)
at org.openqa.selenium.remote.service.DriverCommandExecutor.execute(DriverCommandExecutor.java:83)
at org.openqa.selenium.remote.RemoteWebDriver.execute(RemoteWebDriver.java:552)
at org.openqa.selenium.remote.RemoteWebDriver.startSession(RemoteWebDriver.java:213)
at org.openqa.selenium.remote.RemoteWebDriver.<init>(RemoteWebDriver.java:131)
at org.openqa.selenium.chrome.ChromeDriver.<init>(ChromeDriver.java:181)
at org.openqa.selenium.chrome.ChromeDriver.<init>(ChromeDriver.java:168)
at org.openqa.selenium.chrome.ChromeDriver.<init>(ChromeDriver.java:123)
at TestNGBlogsStaging.setUPTest(TestNGBlogsStaging.java:44)
at java.base/jdk.internal.reflect.NativeMethodAccessorImpl.invoke0(Native Method)
at java.base/jdk.internal.reflect.NativeMethodAccessorImpl.invoke(NativeMethodAccessorImpl.java:62)
at java.base/jdk.internal.reflect.DelegatingMethodAccessorImpl.invoke(DelegatingMethodAccessorImpl.java:43)
at java.base/java.lang.reflect.Method.invoke(Method.java:564)
at org.testng.internal.MethodInvocationHelper.invokeMethod(MethodInvocationHelper.java:133)
at org.testng.internal.MethodInvocationHelper.invokeMethodConsideringTimeout(MethodInvocationHelper.java:62)
at org.testng.internal.ConfigInvoker.invokeConfigurationMethod(ConfigInvoker.java:385)
at org.testng.internal.ConfigInvoker.invokeConfigurations(ConfigInvoker.java:321)
at org.testng.TestRunner.invokeTestConfigurations(TestRunner.java:637)
at org.testng.TestRunner.beforeRun(TestRunner.java:627)
at org.testng.TestRunner.run(TestRunner.java:589)
at org.testng.SuiteRunner.runTest(SuiteRunner.java:377)
at org.testng.SuiteRunner.runSequentially(SuiteRunner.java:371)
at org.testng.SuiteRunner.privateRun(SuiteRunner.java:332)
at org.testng.SuiteRunner.run(SuiteRunner.java:276)
at org.testng.SuiteRunnerWorker.runSuite(SuiteRunnerWorker.java:53)
at org.testng.SuiteRunnerWorker.run(SuiteRunnerWorker.java:96)
at org.testng.TestNG.runSuitesSequentially(TestNG.java:1212)
at org.testng.TestNG.runSuitesLocally(TestNG.java:1134)
at org.testng.TestNG.runSuites(TestNG.java:1063)
at org.testng.TestNG.run(TestNG.java:1031)
at org.testng.remote.AbstractRemoteTestNG.run(AbstractRemoteTestNG.java:115)
at org.testng.remote.RemoteTestNG.initAndRun(RemoteTestNG.java:251)
at org.testng.remote.RemoteTestNG.main(RemoteTestNG.java:77)
]]>
    </error>
  </testcase> <!-- setUPTest -->
  <system-out/>
  <testcase classname="TestNGBlogsStaging" name="mainTest" time="0.000">
    <skipped/>
  </testcase> <!-- mainTest -->
  <system-out/>
  <testcase classname="TestNGBlogsStaging" name="homeTest" time="0.000">
    <skipped/>
  </testcase> <!-- homeTest -->
  <system-out/>
</testsuite> <!-- TestNGBlogsStaging -->
